[2012-01-11 10:33:48] request.ERROR: Symfony\Component\HttpKernel\Exception\NotFoundHttpException: No route found for "GET /bslable" (uncaught exception) at /Users/florianengler/Sites/blumenschule.local/vendor/symfony/src/Symfony/Bundle/FrameworkBundle/EventListener/RouterListener.php line 83 [] []
[2012-01-11 11:12:59] request.ERROR: Symfony\Component\HttpKernel\Exception\NotFoundHttpException: No route found for "GET /lable/Ryan" (uncaught exception) at /Users/florianengler/Sites/blumenschule.local/vendor/symfony/src/Symfony/Bundle/FrameworkBundle/EventListener/RouterListener.php line 83 [] []
[2012-01-11 11:13:23] request.ERROR: Symfony\Component\HttpKernel\Exception\NotFoundHttpException: No route found for "GET /lable/Ryan" (uncaught exception) at /Users/florianengler/Sites/blumenschule.local/app/cache/prod/classes.php line 4560 [] []
[2012-01-11 23:17:09] request.ERROR: Symfony\Component\HttpKernel\Exception\NotFoundHttpException: No route found for "GET /" (uncaught exception) at /Users/florianengler/Sites/blumenschule.local/app/cache/prod/classes.php line 4560 [] []
[2012-01-12 00:46:38] request.ERROR: Symfony\Component\HttpKernel\Exception\NotFoundHttpException: No route found for "GET /" (uncaught exception) at /Users/florianengler/Sites/blumenschule.local/app/cache/prod/classes.php line 4560 [] []
[2012-01-17 15:57:19] request.ERROR: Symfony\Component\HttpKernel\Exception\NotFoundHttpException: No route found for "GET /" (uncaught exception) at /Users/florianengler/Sites/blumenschule.local/app/cache/prod/classes.php line 4560 [] []
[2012-01-17 15:57:28] request.ERROR: Symfony\Component\HttpKernel\Exception\NotFoundHttpException: No route found for "GET /lable/Ryan" (uncaught exception) at /Users/florianengler/Sites/blumenschule.local/app/cache/prod/classes.php line 4560 [] []
[2012-01-17 16:00:59] request.ERROR: Symfony\Component\HttpKernel\Exception\NotFoundHttpException: No route found for "GET /lable" (uncaught exception) at /Users/florianengler/Sites/blumenschule.local/app/cache/prod/classes.php line 4560 [] []
[2012-01-17 16:01:04] request.ERROR: Symfony\Component\HttpKernel\Exception\NotFoundHttpException: No route found for "GET /lable/test" (uncaught exception) at /Users/florianengler/Sites/blumenschule.local/app/cache/prod/classes.php line 4560 [] []
[2012-01-17 16:01:13] request.ERROR: Symfony\Component\HttpKernel\Exception\NotFoundHttpException: No route found for "GET /" (uncaught exception) at /Users/florianengler/Sites/blumenschule.local/app/cache/prod/classes.php line 4560 [] []
[2012-01-17 16:01:33] request.ERROR: Symfony\Component\HttpKernel\Exception\NotFoundHttpException: No route found for "GET /" (uncaught exception) at /Users/florianengler/Sites/blumenschule.local/app/cache/prod/classes.php line 4560 [] []
[2012-01-17 16:01:57] request.ERROR: Symfony\Component\HttpKernel\Exception\NotFoundHttpException: No route found for "GET /" (uncaught exception) at /Users/florianengler/Sites/blumenschule.local/app/cache/prod/classes.php line 4560 [] []
[2012-01-17 16:02:06] request.ERROR: Symfony\Component\HttpKernel\Exception\NotFoundHttpException: No route found for "GET /lable" (uncaught exception) at /Users/florianengler/Sites/blumenschule.local/app/cache/prod/classes.php line 4560 [] []
[2012-01-17 16:02:12] request.ERROR: Symfony\Component\HttpKernel\Exception\NotFoundHttpException: No route found for "GET /lable" (uncaught exception) at /Users/florianengler/Sites/blumenschule.local/app/cache/prod/classes.php line 4560 [] []
[2012-01-17 16:27:56] request.ERROR: Symfony\Component\HttpKernel\Exception\NotFoundHttpException: No route found for "GET /lable" (uncaught exception) at /Users/florianengler/Sites/blumenschule.local/app/cache/prod/classes.php line 4560 [] []
[2012-01-17 16:31:32] request.ERROR: Symfony\Component\HttpKernel\Exception\NotFoundHttpException: No route found for "GET /lable" (uncaught exception) at /Users/florianengler/Sites/blumenschule.local/app/cache/prod/classes.php line 4560 [] []
[2012-01-17 16:31:36] request.ERROR: Symfony\Component\HttpKernel\Exception\NotFoundHttpException: No route found for "GET /lable" (uncaught exception) at /Users/florianengler/Sites/blumenschule.local/app/cache/prod/classes.php line 4560 [] []
[2012-01-17 16:31:44] request.ERROR: Symfony\Component\HttpKernel\Exception\NotFoundHttpException: No route found for "GET /lable/test" (uncaught exception) at /Users/florianengler/Sites/blumenschule.local/app/cache/prod/classes.php line 4560 [] []
[2012-01-17 16:31:52] request.INFO: Matched route "AcmeBSLableBundle_homepage" (parameters: "_controller": "Acme\BSLableBundle\Controller\DefaultController::indexAction", "name": "test", "_route": "AcmeBSLableBundle_homepage") [] []
[2012-01-17 16:31:52] request.CRITICAL: RuntimeException: Controller "Acme\BSLableBundle\Controller\DefaultController::indexAction()" requires that you provide a value for the "$options" argument (because there is no default value or because there is a non optional argument after this one). (uncaught exception) at /Users/florianengler/Sites/blumenschule.local/app/cache/prod/classes.php line 4124 [] []
[2012-01-17 16:31:57] request.ERROR: Symfony\Component\HttpKernel\Exception\NotFoundHttpException: No route found for "GET /lable/test" (uncaught exception) at /Users/florianengler/Sites/blumenschule.local/app/cache/prod/classes.php line 4560 [] []
[2012-01-17 16:32:06] request.ERROR: Symfony\Component\HttpKernel\Exception\NotFoundHttpException: No route found for "GET /hallo" (uncaught exception) at /Users/florianengler/Sites/blumenschule.local/app/cache/prod/classes.php line 4560 [] []
[2012-01-17 16:32:27] request.ERROR: Symfony\Component\HttpKernel\Exception\NotFoundHttpException: No route found for "GET /hallo" (uncaught exception) at /Users/florianengler/Sites/blumenschule.local/app/cache/prod/classes.php line 4560 [] []
[2012-01-17 16:32:33] request.ERROR: Symfony\Component\HttpKernel\Exception\NotFoundHttpException: No route found for "GET /lable" (uncaught exception) at /Users/florianengler/Sites/blumenschule.local/app/cache/prod/classes.php line 4560 [] []
[2012-01-17 16:32:37] request.ERROR: Symfony\Component\HttpKernel\Exception\NotFoundHttpException: No route found for "GET /lable/test" (uncaught exception) at /Users/florianengler/Sites/blumenschule.local/app/cache/prod/classes.php line 4560 [] []
[2012-01-17 16:33:53] request.ERROR: Symfony\Component\HttpKernel\Exception\NotFoundHttpException: No route found for "GET /lable/test" (uncaught exception) at /Users/florianengler/Sites/blumenschule.local/app/cache/prod/classes.php line 4560 [] []
[2012-01-17 16:34:00] request.ERROR: Symfony\Component\HttpKernel\Exception\NotFoundHttpException: No route found for "GET /" (uncaught exception) at /Users/florianengler/Sites/blumenschule.local/app/cache/prod/classes.php line 4560 [] []
[2012-01-17 16:34:04] request.ERROR: Symfony\Component\HttpKernel\Exception\NotFoundHttpException: No route found for "GET /" (uncaught exception) at /Users/florianengler/Sites/blumenschule.local/app/cache/prod/classes.php line 4560 [] []
[2012-01-17 16:34:10] request.ERROR: Symfony\Component\HttpKernel\Exception\NotFoundHttpException: No route found for "GET /label" (uncaught exception) at /Users/florianengler/Sites/blumenschule.local/app/cache/prod/classes.php line 4560 [] []
[2012-01-17 16:34:15] request.ERROR: Symfony\Component\HttpKernel\Exception\NotFoundHttpException: No route found for "GET /lable" (uncaught exception) at /Users/florianengler/Sites/blumenschule.local/app/cache/prod/classes.php line 4560 [] []
[2012-01-17 16:34:20] request.ERROR: Symfony\Component\HttpKernel\Exception\NotFoundHttpException: No route found for "GET /lable/test" (uncaught exception) at /Users/florianengler/Sites/blumenschule.local/app/cache/prod/classes.php line 4560 [] []
[2012-01-17 16:36:27] request.ERROR: Symfony\Component\HttpKernel\Exception\NotFoundHttpException: No route found for "GET /demo" (uncaught exception) at /Users/florianengler/Sites/blumenschule.local/app/cache/prod/classes.php line 4560 [] []
[2012-01-17 16:37:29] request.ERROR: Symfony\Component\HttpKernel\Exception\NotFoundHttpException: No route found for "GET /demo" (uncaught exception) at /Users/florianengler/Sites/blumenschule.local/app/cache/prod/classes.php line 4560 [] []
[2012-01-17 16:37:34] request.ERROR: Symfony\Component\HttpKernel\Exception\NotFoundHttpException: No route found for "GET /" (uncaught exception) at /Users/florianengler/Sites/blumenschule.local/app/cache/prod/classes.php line 4560 [] []
[2012-01-17 16:37:44] request.ERROR: Symfony\Component\HttpKernel\Exception\NotFoundHttpException: No route found for "GET /helo" (uncaught exception) at /Users/florianengler/Sites/blumenschule.local/app/cache/prod/classes.php line 4560 [] []
[2012-01-17 16:37:49] request.ERROR: Symfony\Component\HttpKernel\Exception\NotFoundHttpException: No route found for "GET /demo" (uncaught exception) at /Users/florianengler/Sites/blumenschule.local/app/cache/prod/classes.php line 4560 [] []
[2012-01-17 16:38:46] request.ERROR: Symfony\Component\HttpKernel\Exception\NotFoundHttpException: No route found for "GET /demo/hello/test" (uncaught exception) at /Users/florianengler/Sites/blumenschule.local/app/cache/prod/classes.php line 4560 [] []
[2012-01-17 16:39:30] request.ERROR: Symfony\Component\HttpKernel\Exception\NotFoundHttpException: No route found for "GET /lable" (uncaught exception) at /Users/florianengler/Sites/blumenschule.local/app/cache/prod/classes.php line 4560 [] []
[2012-01-17 16:39:33] request.ERROR: Symfony\Component\HttpKernel\Exception\NotFoundHttpException: No route found for "GET /lable" (uncaught exception) at /Users/florianengler/Sites/blumenschule.local/app/cache/prod/classes.php line 4560 [] []
[2012-01-17 16:39:43] request.ERROR: Symfony\Component\HttpKernel\Exception\NotFoundHttpException: No route found for "GET /lable" (uncaught exception) at /Users/florianengler/Sites/blumenschule.local/app/cache/prod/classes.php line 4560 [] []
[2012-01-17 16:39:53] request.ERROR: Symfony\Component\HttpKernel\Exception\NotFoundHttpException: No route found for "GET /demo/hello/test" (uncaught exception) at /Users/florianengler/Sites/blumenschule.local/app/cache/prod/classes.php line 4560 [] []
[2012-01-17 16:44:55] request.ERROR: Symfony\Component\HttpKernel\Exception\NotFoundHttpException: No route found for "GET /helo" (uncaught exception) at /Users/florianengler/Sites/blumenschule.local/app/cache/prod/classes.php line 4560 [] []
[2012-01-17 16:44:55] request.ERROR: Symfony\Component\HttpKernel\Exception\NotFoundHttpException: No route found for "GET /" (uncaught exception) at /Users/florianengler/Sites/blumenschule.local/app/cache/prod/classes.php line 4560 [] []
[2012-01-17 16:44:55] request.ERROR: Symfony\Component\HttpKernel\Exception\NotFoundHttpException: No route found for "GET /demo" (uncaught exception) at /Users/florianengler/Sites/blumenschule.local/app/cache/prod/classes.php line 4560 [] []
[2012-01-17 16:44:56] request.ERROR: Symfony\Component\HttpKernel\Exception\NotFoundHttpException: No route found for "GET /demo" (uncaught exception) at /Users/florianengler/Sites/blumenschule.local/app/cache/prod/classes.php line 4560 [] []
[2012-01-17 16:44:56] request.ERROR: Symfony\Component\HttpKernel\Exception\NotFoundHttpException: No route found for "GET /lable/test" (uncaught exception) at /Users/florianengler/Sites/blumenschule.local/app/cache/prod/classes.php line 4560 [] []
[2012-01-17 16:44:56] request.ERROR: Symfony\Component\HttpKernel\Exception\NotFoundHttpException: No route found for "GET /lable" (uncaught exception) at /Users/florianengler/Sites/blumenschule.local/app/cache/prod/classes.php line 4560 [] []
[2012-01-17 16:44:56] request.ERROR: Symfony\Component\HttpKernel\Exception\NotFoundHttpException: No route found for "GET /label" (uncaught exception) at /Users/florianengler/Sites/blumenschule.local/app/cache/prod/classes.php line 4560 [] []
[2012-01-17 16:44:57] request.ERROR: Symfony\Component\HttpKernel\Exception\NotFoundHttpException: No route found for "GET /" (uncaught exception) at /Users/florianengler/Sites/blumenschule.local/app/cache/prod/classes.php line 4560 [] []
[2012-01-17 16:44:57] request.ERROR: Symfony\Component\HttpKernel\Exception\NotFoundHttpException: No route found for "GET /" (uncaught exception) at /Users/florianengler/Sites/blumenschule.local/app/cache/prod/classes.php line 4560 [] []
[2012-01-17 16:44:57] request.ERROR: Symfony\Component\HttpKernel\Exception\NotFoundHttpException: No route found for "GET /lable/test" (uncaught exception) at /Users/florianengler/Sites/blumenschule.local/app/cache/prod/classes.php line 4560 [] []
[2012-01-17 16:44:57] request.ERROR: Symfony\Component\HttpKernel\Exception\NotFoundHttpException: No route found for "GET /lable" (uncaught exception) at /Users/florianengler/Sites/blumenschule.local/app/cache/prod/classes.php line 4560 [] []
[2012-01-17 16:44:59] request.ERROR: Symfony\Component\HttpKernel\Exception\NotFoundHttpException: No route found for "GET /lable" (uncaught exception) at /Users/florianengler/Sites/blumenschule.local/app/cache/prod/classes.php line 4560 [] []
[2012-01-17 16:45:30] request.ERROR: Symfony\Component\HttpKernel\Exception\NotFoundHttpException: No route found for "GET /lable" (uncaught exception) at /Users/florianengler/Sites/blumenschule.local/app/cache/prod/classes.php line 4560 [] []
[2012-01-17 16:45:42] request.ERROR: Symfony\Component\HttpKernel\Exception\NotFoundHttpException: No route found for "GET /lable" (uncaught exception) at /Users/florianengler/Sites/blumenschule.local/app/cache/prod/classes.php line 4560 [] []
[2012-01-17 16:45:43] request.ERROR: Symfony\Component\HttpKernel\Exception\NotFoundHttpException: No route found for "GET /lable" (uncaught exception) at /Users/florianengler/Sites/blumenschule.local/app/cache/prod/classes.php line 4560 [] []
[2012-01-19 15:26:40] request.ERROR: Symfony\Component\HttpKernel\Exception\NotFoundHttpException: No route found for "GET /lable" (uncaught exception) at /Users/florianengler/Sites/blumenschule.local/app/cache/prod/classes.php line 4560 [] []
[2012-01-20 16:58:14] request.ERROR: Symfony\Component\HttpKernel\Exception\NotFoundHttpException: No route found for "GET /lable" (uncaught exception) at /Users/florianengler/Sites/blumenschule.local/app/cache/prod/classes.php line 4560 [] []
[2012-01-20 20:22:09] request.ERROR: Symfony\Component\HttpKernel\Exception\NotFoundHttpException: No route found for "GET /" (uncaught exception) at /Users/florianengler/Sites/blumenschule.local/app/cache/prod/classes.php line 4560 [] []
[2012-01-20 20:36:10] request.ERROR: Symfony\Component\HttpKernel\Exception\NotFoundHttpException: No route found for "GET /" (uncaught exception) at /Users/florianengler/Sites/blumenschule.local/app/cache/prod/classes.php line 4560 [] []
[2012-01-20 20:40:03] request.ERROR: Symfony\Component\HttpKernel\Exception\NotFoundHttpException: No route found for "GET /lable" (uncaught exception) at /Users/florianengler/Sites/blumenschule.local/app/cache/prod/classes.php line 4560 [] []
[2012-01-23 21:01:13] request.ERROR: Symfony\Component\HttpKernel\Exception\NotFoundHttpException: No route found for "GET /lable" (uncaught exception) at /Users/florianengler/Sites/blumenschule.local/app/cache/prod/classes.php line 4560 [] []
[2012-01-24 16:43:35] request.ERROR: Symfony\Component\HttpKernel\Exception\NotFoundHttpException: No route found for "GET /lable" (uncaught exception) at /Users/florianengler/Sites/blumenschule.local/app/cache/prod/classes.php line 4560 [] []
[2012-01-24 16:47:45] request.ERROR: Symfony\Component\HttpKernel\Exception\NotFoundHttpException: No route found for "GET /Lable" (uncaught exception) at /Users/florianengler/Sites/blumenschule.local/app/cache/prod/classes.php line 4560 [] []
[2012-01-25 17:32:50] request.ERROR: Symfony\Component\HttpKernel\Exception\NotFoundHttpException: No route found for "GET /orders" (uncaught exception) at /Users/florianengler/Sites/blumenschule.local/app/cache/prod/classes.php line 4560 [] []
[2012-01-25 17:37:15] request.ERROR: Symfony\Component\HttpKernel\Exception\NotFoundHttpException: No route found for "GET /" (uncaught exception) at /Users/florianengler/Sites/blumenschule.local/app/cache/prod/classes.php line 4560 [] []
[2012-01-25 17:43:22] request.ERROR: Symfony\Component\HttpKernel\Exception\NotFoundHttpException: No route found for "GET /Lable" (uncaught exception) at /Users/florianengler/Sites/blumenschule.local/app/cache/prod/classes.php line 4560 [] []
[2012-01-27 16:35:04] request.ERROR: Symfony\Component\HttpKernel\Exception\NotFoundHttpException: No route found for "GET /orders/state/6" (uncaught exception) at /Users/florianengler/Sites/blumenschule.local/app/cache/prod/classes.php line 4560 [] []
[2012-01-30 16:00:41] request.ERROR: Symfony\Component\HttpKernel\Exception\NotFoundHttpException: No route found for "GET /orders/print" (uncaught exception) at /Users/florianengler/Sites/blumenschule.local/app/cache/prod/classes.php line 4560 [] []
[2012-02-09 11:54:24] request.ERROR: Symfony\Component\HttpKernel\Exception\NotFoundHttpException: No route found for "GET /product" (uncaught exception) at /Users/florianengler/Sites/blumenschule.local/app/cache/prod/classes.php line 4560 [] []
[2012-02-09 15:13:26] request.ERROR: Symfony\Component\HttpKernel\Exception\NotFoundHttpException: No route found for "GET /css/images/bg_header.jpg" (uncaught exception) at /Users/florianengler/Sites/blumenschule.local/app/cache/prod/classes.php line 4560 [] []
[2012-02-09 15:16:24] request.ERROR: Symfony\Component\HttpKernel\Exception\NotFoundHttpException: No route found for "GET /css/images/bg_header.jpg" (uncaught exception) at /Users/florianengler/Sites/blumenschule.local/app/cache/prod/classes.php line 4560 [] []
[2012-02-09 15:17:31] request.ERROR: Symfony\Component\HttpKernel\Exception\NotFoundHttpException: No route found for "GET /css/images/bg_header.jpg" (uncaught exception) at /Users/florianengler/Sites/blumenschule.local/app/cache/prod/classes.php line 4560 [] []
[2012-02-09 15:17:55] request.ERROR: Symfony\Component\HttpKernel\Exception\NotFoundHttpException: No route found for "GET /css/images/bg_header.jpg" (uncaught exception) at /Users/florianengler/Sites/blumenschule.local/app/cache/prod/classes.php line 4560 [] []
[2012-02-09 15:18:06] request.ERROR: Symfony\Component\HttpKernel\Exception\NotFoundHttpException: No route found for "GET /css/images/bg_header.jpg" (uncaught exception) at /Users/florianengler/Sites/blumenschule.local/app/cache/prod/classes.php line 4560 [] []
[2012-02-09 15:18:18] request.ERROR: Symfony\Component\HttpKernel\Exception\NotFoundHttpException: No route found for "GET /css/images/bg_header.jpg" (uncaught exception) at /Users/florianengler/Sites/blumenschule.local/app/cache/prod/classes.php line 4560 [] []
[2012-02-09 15:18:33] request.ERROR: Symfony\Component\HttpKernel\Exception\NotFoundHttpException: No route found for "GET /css/images/bg_header.jpg" (uncaught exception) at /Users/florianengler/Sites/blumenschule.local/app/cache/prod/classes.php line 4560 [] []
[2012-02-09 15:22:33] request.ERROR: Symfony\Component\HttpKernel\Exception\NotFoundHttpException: No route found for "GET /css/images/bg_header.jpg" (uncaught exception) at /Users/florianengler/Sites/blumenschule.local/app/cache/prod/classes.php line 4560 [] []
[2012-02-09 15:25:36] request.ERROR: Symfony\Component\HttpKernel\Exception\NotFoundHttpException: No route found for "GET /css/images/bg_header.jpg" (uncaught exception) at /Users/florianengler/Sites/blumenschule.local/app/cache/prod/classes.php line 4560 [] []
[2012-02-09 15:26:28] request.ERROR: Symfony\Component\HttpKernel\Exception\NotFoundHttpException: No route found for "GET /css/images/bg_header.jpg" (uncaught exception) at /Users/florianengler/Sites/blumenschule.local/app/cache/prod/classes.php line 4560 [] []
[2012-02-09 15:26:48] request.ERROR: Symfony\Component\HttpKernel\Exception\NotFoundHttpException: No route found for "GET /css/images/bg_header.jpg" (uncaught exception) at /Users/florianengler/Sites/blumenschule.local/app/cache/prod/classes.php line 4560 [] []
[2012-02-09 15:31:24] request.ERROR: Symfony\Component\HttpKernel\Exception\NotFoundHttpException: No route found for "GET /css/images/bg_header.jpg" (uncaught exception) at /Users/florianengler/Sites/blumenschule.local/app/cache/prod/classes.php line 4560 [] []
[2012-02-09 15:33:33] request.ERROR: Symfony\Component\HttpKernel\Exception\NotFoundHttpException: No route found for "GET /css/images/bg_header.jpg" (uncaught exception) at /Users/florianengler/Sites/blumenschule.local/app/cache/prod/classes.php line 4560 [] []
[2012-02-09 15:34:12] request.ERROR: Symfony\Component\HttpKernel\Exception\NotFoundHttpException: No route found for "GET /css/images/bg_header.jpg" (uncaught exception) at /Users/florianengler/Sites/blumenschule.local/app/cache/prod/classes.php line 4560 [] []
[2012-02-09 15:34:51] request.ERROR: Symfony\Component\HttpKernel\Exception\NotFoundHttpException: No route found for "GET /css/images/bg_header.jpg" (uncaught exception) at /Users/florianengler/Sites/blumenschule.local/app/cache/prod/classes.php line 4560 [] []
[2012-02-09 15:35:21] request.ERROR: Symfony\Component\HttpKernel\Exception\NotFoundHttpException: No route found for "GET /css/images/bg_header.jpg" (uncaught exception) at /Users/florianengler/Sites/blumenschule.local/app/cache/prod/classes.php line 4560 [] []
[2012-02-09 15:36:57] request.ERROR: Symfony\Component\HttpKernel\Exception\NotFoundHttpException: No route found for "GET /css/images/bg_header.jpg" (uncaught exception) at /Users/florianengler/Sites/blumenschule.local/app/cache/prod/classes.php line 4560 [] []
[2012-02-09 15:38:11] request.ERROR: Symfony\Component\HttpKernel\Exception\NotFoundHttpException: No route found for "GET /css/images/bg_header.jpg" (uncaught exception) at /Users/florianengler/Sites/blumenschule.local/app/cache/prod/classes.php line 4560 [] []
[2012-02-09 15:39:25] request.ERROR: Symfony\Component\HttpKernel\Exception\NotFoundHttpException: No route found for "GET /css/images/bg_header.jpg" (uncaught exception) at /Users/florianengler/Sites/blumenschule.local/app/cache/prod/classes.php line 4560 [] []
[2012-02-09 15:39:28] request.ERROR: Symfony\Component\HttpKernel\Exception\NotFoundHttpException: No route found for "GET /css/images/bg_header.jpg" (uncaught exception) at /Users/florianengler/Sites/blumenschule.local/app/cache/prod/classes.php line 4560 [] []
[2012-02-09 15:39:46] request.ERROR: Symfony\Component\HttpKernel\Exception\NotFoundHttpException: No route found for "GET /css/images/bg_header.jpg" (uncaught exception) at /Users/florianengler/Sites/blumenschule.local/app/cache/prod/classes.php line 4560 [] []
[2012-02-09 15:41:29] request.ERROR: Symfony\Component\HttpKernel\Exception\NotFoundHttpException: No route found for "GET /css/images/bg_header.jpg" (uncaught exception) at /Users/florianengler/Sites/blumenschule.local/app/cache/prod/classes.php line 4560 [] []
[2012-02-09 15:43:14] request.ERROR: Symfony\Component\HttpKernel\Exception\NotFoundHttpException: No route found for "GET /css/images/bg_header.jpg" (uncaught exception) at /Users/florianengler/Sites/blumenschule.local/app/cache/prod/classes.php line 4560 [] []
[2012-02-09 15:43:55] request.ERROR: Symfony\Component\HttpKernel\Exception\NotFoundHttpException: No route found for "GET /css/images/bg_header.jpg" (uncaught exception) at /Users/florianengler/Sites/blumenschule.local/app/cache/prod/classes.php line 4560 [] []
[2012-02-09 15:43:58] request.ERROR: Symfony\Component\HttpKernel\Exception\NotFoundHttpException: No route found for "GET /css/images/bg_header.jpg" (uncaught exception) at /Users/florianengler/Sites/blumenschule.local/app/cache/prod/classes.php line 4560 [] []
[2012-02-09 15:44:10] request.ERROR: Symfony\Component\HttpKernel\Exception\NotFoundHttpException: No route found for "GET /css/images/bg_header.jpg" (uncaught exception) at /Users/florianengler/Sites/blumenschule.local/app/cache/prod/classes.php line 4560 [] []
[2012-02-09 15:44:28] request.ERROR: Symfony\Component\HttpKernel\Exception\NotFoundHttpException: No route found for "GET /css/images/bg_header.jpg" (uncaught exception) at /Users/florianengler/Sites/blumenschule.local/app/cache/prod/classes.php line 4560 [] []
[2012-02-09 15:44:29] request.ERROR: Symfony\Component\HttpKernel\Exception\NotFoundHttpException: No route found for "GET /css/images/bg_header.jpg" (uncaught exception) at /Users/florianengler/Sites/blumenschule.local/app/cache/prod/classes.php line 4560 [] []
[2012-02-09 15:45:12] request.ERROR: Symfony\Component\HttpKernel\Exception\NotFoundHttpException: No route found for "GET /css/images/bg_header.jpg" (uncaught exception) at /Users/florianengler/Sites/blumenschule.local/app/cache/prod/classes.php line 4560 [] []
[2012-02-09 15:45:40] request.ERROR: Symfony\Component\HttpKernel\Exception\NotFoundHttpException: No route found for "GET /css/images/bg_header.jpg" (uncaught exception) at /Users/florianengler/Sites/blumenschule.local/app/cache/prod/classes.php line 4560 [] []
[2012-02-09 15:45:49] request.ERROR: Symfony\Component\HttpKernel\Exception\NotFoundHttpException: No route found for "GET /css/images/bg_header.jpg" (uncaught exception) at /Users/florianengler/Sites/blumenschule.local/app/cache/prod/classes.php line 4560 [] []
[2012-02-09 15:45:50] request.ERROR: Symfony\Component\HttpKernel\Exception\NotFoundHttpException: No route found for "GET /css/images/bg_header.jpg" (uncaught exception) at /Users/florianengler/Sites/blumenschule.local/app/cache/prod/classes.php line 4560 [] []
[2012-02-09 15:45:59] request.ERROR: Symfony\Component\HttpKernel\Exception\NotFoundHttpException: No route found for "GET /css/images/bg_header.jpg" (uncaught exception) at /Users/florianengler/Sites/blumenschule.local/app/cache/prod/classes.php line 4560 [] []
[2012-02-09 15:46:03] request.ERROR: Symfony\Component\HttpKernel\Exception\NotFoundHttpException: No route found for "GET /css/images/bg_header.jpg" (uncaught exception) at /Users/florianengler/Sites/blumenschule.local/app/cache/prod/classes.php line 4560 [] []
[2012-02-09 15:48:27] request.ERROR: Symfony\Component\HttpKernel\Exception\NotFoundHttpException: No route found for "GET /css/images/bg_header.jpg" (uncaught exception) at /Users/florianengler/Sites/blumenschule.local/app/cache/prod/classes.php line 4560 [] []
[2012-02-09 15:48:31] request.ERROR: Symfony\Component\HttpKernel\Exception\NotFoundHttpException: No route found for "GET /css/images/bg_header.jpg" (uncaught exception) at /Users/florianengler/Sites/blumenschule.local/app/cache/prod/classes.php line 4560 [] []
[2012-02-09 15:48:57] request.ERROR: Symfony\Component\HttpKernel\Exception\NotFoundHttpException: No route found for "GET /css/images/bg_header.jpg" (uncaught exception) at /Users/florianengler/Sites/blumenschule.local/app/cache/prod/classes.php line 4560 [] []
[2012-02-09 15:49:59] request.ERROR: Symfony\Component\HttpKernel\Exception\NotFoundHttpException: No route found for "GET /css/images/bg_header.jpg" (uncaught exception) at /Users/florianengler/Sites/blumenschule.local/app/cache/prod/classes.php line 4560 [] []
[2012-02-09 15:59:15] request.ERROR: Symfony\Component\HttpKernel\Exception\NotFoundHttpException: No route found for "GET /css/images/bg_header.jpg" (uncaught exception) at /Users/florianengler/Sites/blumenschule.local/app/cache/prod/classes.php line 4560 [] []
[2012-02-09 16:02:20] request.ERROR: Symfony\Component\HttpKernel\Exception\NotFoundHttpException: No route found for "GET /css/images/bg_header.jpg" (uncaught exception) at /Users/florianengler/Sites/blumenschule.local/app/cache/prod/classes.php line 4560 [] []
[2012-02-09 16:02:25] request.ERROR: Symfony\Component\HttpKernel\Exception\NotFoundHttpException: No route found for "GET /css/images/bg_header.jpg" (uncaught exception) at /Users/florianengler/Sites/blumenschule.local/app/cache/prod/classes.php line 4560 [] []
[2012-02-09 16:02:37] request.ERROR: Symfony\Component\HttpKernel\Exception\NotFoundHttpException: No route found for "GET /css/images/bg_header.jpg" (uncaught exception) at /Users/florianengler/Sites/blumenschule.local/app/cache/prod/classes.php line 4560 [] []
[2012-02-09 16:02:40] request.ERROR: Symfony\Component\HttpKernel\Exception\NotFoundHttpException: No route found for "GET /css/images/bg_header.jpg" (uncaught exception) at /Users/florianengler/Sites/blumenschule.local/app/cache/prod/classes.php line 4560 [] []
[2012-02-09 16:02:50] request.ERROR: Symfony\Component\HttpKernel\Exception\NotFoundHttpException: No route found for "GET /css/images/bg_header.jpg" (uncaught exception) at /Users/florianengler/Sites/blumenschule.local/app/cache/prod/classes.php line 4560 [] []
[2012-02-09 16:02:52] request.ERROR: Symfony\Component\HttpKernel\Exception\NotFoundHttpException: No route found for "GET /css/images/bg_header.jpg" (uncaught exception) at /Users/florianengler/Sites/blumenschule.local/app/cache/prod/classes.php line 4560 [] []
[2012-02-09 16:03:02] request.ERROR: Symfony\Component\HttpKernel\Exception\NotFoundHttpException: No route found for "GET /css/images/bg_header.jpg" (uncaught exception) at /Users/florianengler/Sites/blumenschule.local/app/cache/prod/classes.php line 4560 [] []
[2012-02-09 16:03:05] request.ERROR: Symfony\Component\HttpKernel\Exception\NotFoundHttpException: No route found for "GET /css/images/bg_header.jpg" (uncaught exception) at /Users/florianengler/Sites/blumenschule.local/app/cache/prod/classes.php line 4560 [] []
[2012-02-09 16:03:32] request.ERROR: Symfony\Component\HttpKernel\Exception\NotFoundHttpException: No route found for "GET /css/images/bg_header.jpg" (uncaught exception) at /Users/florianengler/Sites/blumenschule.local/app/cache/prod/classes.php line 4560 [] []
[2012-02-09 16:03:34] request.ERROR: Symfony\Component\HttpKernel\Exception\NotFoundHttpException: No route found for "GET /css/images/bg_header.jpg" (uncaught exception) at /Users/florianengler/Sites/blumenschule.local/app/cache/prod/classes.php line 4560 [] []
[2012-02-09 16:03:45] request.ERROR: Symfony\Component\HttpKernel\Exception\NotFoundHttpException: No route found for "GET /css/images/bg_header.jpg" (uncaught exception) at /Users/florianengler/Sites/blumenschule.local/app/cache/prod/classes.php line 4560 [] []
[2012-02-09 16:03:46] request.ERROR: Symfony\Component\HttpKernel\Exception\NotFoundHttpException: No route found for "GET /css/images/bg_header.jpg" (uncaught exception) at /Users/florianengler/Sites/blumenschule.local/app/cache/prod/classes.php line 4560 [] []
[2012-02-09 16:03:52] request.ERROR: Symfony\Component\HttpKernel\Exception\NotFoundHttpException: No route found for "GET /css/images/bg_header.jpg" (uncaught exception) at /Users/florianengler/Sites/blumenschule.local/app/cache/prod/classes.php line 4560 [] []
[2012-02-09 16:03:54] request.ERROR: Symfony\Component\HttpKernel\Exception\NotFoundHttpException: No route found for "GET /css/images/bg_header.jpg" (uncaught exception) at /Users/florianengler/Sites/blumenschule.local/app/cache/prod/classes.php line 4560 [] []
[2012-02-09 16:04:00] request.ERROR: Symfony\Component\HttpKernel\Exception\NotFoundHttpException: No route found for "GET /css/images/bg_header.jpg" (uncaught exception) at /Users/florianengler/Sites/blumenschule.local/app/cache/prod/classes.php line 4560 [] []
[2012-02-09 16:09:25] request.ERROR: Symfony\Component\HttpKernel\Exception\NotFoundHttpException: No route found for "GET /css/images/bg_header.jpg" (uncaught exception) at /Users/florianengler/Sites/blumenschule.local/app/cache/prod/classes.php line 4560 [] []
[2012-02-09 16:09:27] request.ERROR: Symfony\Component\HttpKernel\Exception\NotFoundHttpException: No route found for "GET /css/images/bg_header.jpg" (uncaught exception) at /Users/florianengler/Sites/blumenschule.local/app/cache/prod/classes.php line 4560 [] []
[2012-02-09 16:09:42] request.ERROR: Symfony\Component\HttpKernel\Exception\NotFoundHttpException: No route found for "GET /css/images/bg_header.jpg" (uncaught exception) at /Users/florianengler/Sites/blumenschule.local/app/cache/prod/classes.php line 4560 [] []
[2012-02-09 16:09:43] request.ERROR: Symfony\Component\HttpKernel\Exception\NotFoundHttpException: No route found for "GET /css/images/bg_header.jpg" (uncaught exception) at /Users/florianengler/Sites/blumenschule.local/app/cache/prod/classes.php line 4560 [] []
[2012-02-09 16:11:03] request.ERROR: Symfony\Component\HttpKernel\Exception\NotFoundHttpException: No route found for "GET /css/images/bg_header.jpg" (uncaught exception) at /Users/florianengler/Sites/blumenschule.local/app/cache/prod/classes.php line 4560 [] []
[2012-02-09 16:28:32] request.ERROR: Symfony\Component\HttpKernel\Exception\NotFoundHttpException: No route found for "GET /css/images/bg_header.jpg" (uncaught exception) at /Users/florianengler/Sites/blumenschule.local/app/cache/prod/classes.php line 4560 [] []
[2012-02-09 17:43:21] request.ERROR: Symfony\Component\HttpKernel\Exception\NotFoundHttpException: No route found for "GET /css/images/bg_header.jpg" (uncaught exception) at /Users/florianengler/Sites/blumenschule.local/app/cache/prod/classes.php line 4560 [] []
[2012-02-09 17:43:30] request.ERROR: Symfony\Component\HttpKernel\Exception\NotFoundHttpException: No route found for "GET /css/images/bg_header.jpg" (uncaught exception) at /Users/florianengler/Sites/blumenschule.local/app/cache/prod/classes.php line 4560 [] []
[2012-02-09 17:43:33] request.ERROR: Symfony\Component\HttpKernel\Exception\NotFoundHttpException: No route found for "GET /css/images/bg_header.jpg" (uncaught exception) at /Users/florianengler/Sites/blumenschule.local/app/cache/prod/classes.php line 4560 [] []
[2012-02-09 21:46:36] request.ERROR: Symfony\Component\HttpKernel\Exception\NotFoundHttpException: No route found for "GET /css/images/bg_header.jpg" (uncaught exception) at /Users/florianengler/Sites/blumenschule.local/app/cache/prod/classes.php line 4560 [] []
[2012-02-10 16:43:02] request.ERROR: Symfony\Component\HttpKernel\Exception\NotFoundHttpException: No route found for "GET /css/images/bg_header.jpg" (uncaught exception) at /Users/florianengler/Sites/blumenschule.local/app/cache/prod/classes.php line 4560 [] []
[2012-02-10 16:44:57] request.ERROR: Symfony\Component\HttpKernel\Exception\NotFoundHttpException: No route found for "GET /css/images/bg_header.jpg" (uncaught exception) at /Users/florianengler/Sites/blumenschule.local/app/cache/prod/classes.php line 4560 [] []
[2012-02-10 16:44:59] request.ERROR: Symfony\Component\HttpKernel\Exception\NotFoundHttpException: No route found for "GET /css/images/bg_header.jpg" (uncaught exception) at /Users/florianengler/Sites/blumenschule.local/app/cache/prod/classes.php line 4560 [] []
[2012-02-10 16:45:08] request.INFO: Matched route "_welcome" (parameters: "_controller": "Acme\PlentyMarketsOrderBundle\Controller\DefaultController::indexAction", "_route": "_welcome") [] []
[2012-02-10 16:45:08] request.CRITICAL: Doctrine\Common\Annotations\AnnotationException: [Syntax Error] Expected PlainValue, got 'orders' at position 35 in method Acme\PlentyMarketsOrderBundle\Controller\DefaultController::indexAction(). (uncaught exception) at /Users/florianengler/Sites/blumenschule.local/vendor/doctrine-common/lib/Doctrine/Common/Annotations/AnnotationException.php line 41 [] []
[2012-02-10 16:50:49] request.ERROR: Symfony\Component\HttpKernel\Exception\NotFoundHttpException: No route found for "GET /css/images/bg_header.jpg" (uncaught exception) at /Users/florianengler/Sites/blumenschule.local/app/cache/prod/classes.php line 4560 [] []
[2012-02-10 16:51:01] request.ERROR: Symfony\Component\HttpKernel\Exception\NotFoundHttpException: No route found for "GET /css/images/bg_header.jpg" (uncaught exception) at /Users/florianengler/Sites/blumenschule.local/app/cache/prod/classes.php line 4560 [] []
[2012-02-10 16:56:33] request.ERROR: Symfony\Component\HttpKernel\Exception\NotFoundHttpException: No route found for "GET /css/images/bg_header.jpg" (uncaught exception) at /Users/florianengler/Sites/blumenschule.local/app/cache/prod/classes.php line 4560 [] []
[2012-02-10 16:59:42] request.ERROR: Symfony\Component\HttpKernel\Exception\NotFoundHttpException: No route found for "GET /css/images/bg_header.jpg" (uncaught exception) at /Users/florianengler/Sites/blumenschule.local/app/cache/prod/classes.php line 4560 [] []
[2012-02-10 17:33:05] request.ERROR: Symfony\Component\HttpKernel\Exception\NotFoundHttpException: No route found for "GET /css/images/bg_header.jpg" (uncaught exception) at /Users/florianengler/Sites/blumenschule.local/app/cache/prod/classes.php line 4560 [] []
[2012-02-10 17:33:27] request.ERROR: Symfony\Component\HttpKernel\Exception\NotFoundHttpException: No route found for "GET /css/images/bg_header.jpg" (uncaught exception) at /Users/florianengler/Sites/blumenschule.local/app/cache/prod/classes.php line 4560 [] []
[2012-02-10 17:34:28] request.ERROR: Symfony\Component\HttpKernel\Exception\NotFoundHttpException: No route found for "GET /css/images/bg_header.jpg" (uncaught exception) at /Users/florianengler/Sites/blumenschule.local/app/cache/prod/classes.php line 4560 [] []
[2012-02-10 17:34:32] request.ERROR: Symfony\Component\HttpKernel\Exception\NotFoundHttpException: No route found for "GET /css/images/bg_header.jpg" (uncaught exception) at /Users/florianengler/Sites/blumenschule.local/app/cache/prod/classes.php line 4560 [] []
[2012-02-10 17:39:13] request.ERROR: Symfony\Component\HttpKernel\Exception\NotFoundHttpException: No route found for "GET /css/images/bg_header.jpg" (uncaught exception) at /Users/florianengler/Sites/blumenschule.local/app/cache/prod/classes.php line 4560 [] []
[2012-02-10 17:40:30] request.ERROR: Symfony\Component\HttpKernel\Exception\NotFoundHttpException: No route found for "GET /css/images/bg_header.jpg" (uncaught exception) at /Users/florianengler/Sites/blumenschule.local/app/cache/prod/classes.php line 4560 [] []
[2012-02-10 17:40:48] request.ERROR: Symfony\Component\HttpKernel\Exception\NotFoundHttpException: No route found for "GET /css/images/bg_header.jpg" (uncaught exception) at /Users/florianengler/Sites/blumenschule.local/app/cache/prod/classes.php line 4560 [] []
[2012-02-10 17:42:35] request.ERROR: Symfony\Component\HttpKernel\Exception\NotFoundHttpException: No route found for "GET /css/images/bg_header.jpg" (uncaught exception) at /Users/florianengler/Sites/blumenschule.local/app/cache/prod/classes.php line 4560 [] []
[2012-03-14 10:25:39] event.DEBUG: Notified event "kernel.request" to listener "Symfony\Bundle\FrameworkBundle\EventListener\RouterListener::onEarlyKernelRequest". [] []
[2012-03-14 10:25:39] event.DEBUG: Notified event "kernel.request" to listener "Symfony\Bundle\FrameworkBundle\EventListener\SessionListener::onKernelRequest". [] []
[2012-03-14 10:25:39] event.DEBUG: Notified event "kernel.request" to listener "Symfony\Component\Security\Http\Firewall::onKernelRequest". [] []
[2012-03-14 10:25:39] security.INFO: Populated SecurityContext with an anonymous Token [] []
[2012-03-14 10:25:39] event.DEBUG: Notified event "kernel.request" to listener "Symfony\Bundle\FrameworkBundle\EventListener\RouterListener::onKernelRequest". [] []
[2012-03-14 10:25:39] request.INFO: Matched route "login" (parameters: "_controller": "Acme\SecurityBundle\Controller\SecurityController::loginAction", "_route": "login") [] []
[2012-03-14 10:25:39] event.DEBUG: Notified event "kernel.request" to listener "Knp\Bundle\PaginatorBundle\Subscriber\SlidingPaginationSubscriber::onKernelRequest". [] []
[2012-03-14 10:25:39] event.DEBUG: Notified event "kernel.controller" to listener "Sensio\Bundle\FrameworkExtraBundle\EventListener\ControllerListener::onKernelController". [] []
[2012-03-14 10:25:39] event.DEBUG: Notified event "kernel.controller" to listener "Sensio\Bundle\FrameworkExtraBundle\EventListener\ParamConverterListener::onKernelController". [] []
[2012-03-14 10:25:39] event.DEBUG: Notified event "kernel.controller" to listener "Sensio\Bundle\FrameworkExtraBundle\EventListener\TemplateListener::onKernelController". [] []
[2012-03-14 10:25:39] event.DEBUG: Notified event "kernel.controller" to listener "JMS\SecurityExtraBundle\Controller\ControllerListener::onCoreController". [] []
[2012-03-14 10:25:39] event.DEBUG: Notified event "kernel.exception" to listener "Symfony\Component\Security\Http\Firewall\ExceptionListener::onKernelException". [] []
[2012-03-14 10:25:39] event.DEBUG: Notified event "kernel.exception" to listener "Symfony\Component\HttpKernel\EventListener\ExceptionListener::onKernelException". [] []
[2012-03-14 10:25:39] request.CRITICAL: Twig_Error_Runtime: An exception has been thrown during the rendering of a template ("Warning: filemtime() [<a href='function.filemtime'>function.filemtime</a>]: stat failed for /Users/florianengler/Sites/blumenschule.local/app/Resources/views/base.html.twig in /Users/uwaeae/Sites/blumenschule.local/vendor/twig/lib/Twig/Loader/Filesystem.php line 109") in "AcmeSecurityBundle:Security:login.html.twig". (uncaught exception) at /Users/uwaeae/Sites/blumenschule.local/vendor/twig/lib/Twig/Template.php line 273 [] []
[2012-03-14 10:25:40] event.DEBUG: Notified event "kernel.request" to listener "Symfony\Bundle\FrameworkBundle\EventListener\RouterListener::onEarlyKernelRequest". [] []
[2012-03-14 10:25:40] event.DEBUG: Notified event "kernel.request" to listener "Symfony\Bundle\FrameworkBundle\EventListener\SessionListener::onKernelRequest". [] []
[2012-03-14 10:25:40] event.DEBUG: Notified event "kernel.request" to listener "Symfony\Component\Security\Http\Firewall::onKernelRequest". [] []
[2012-03-14 10:25:40] event.DEBUG: Notified event "kernel.request" to listener "Symfony\Bundle\FrameworkBundle\EventListener\RouterListener::onKernelRequest". [] []
[2012-03-14 10:25:40] event.DEBUG: Notified event "kernel.request" to listener "Knp\Bundle\PaginatorBundle\Subscriber\SlidingPaginationSubscriber::onKernelRequest". [] []
[2012-03-14 10:25:40] event.DEBUG: Notified event "kernel.controller" to listener "Sensio\Bundle\FrameworkExtraBundle\EventListener\ControllerListener::onKernelController". [] []
[2012-03-14 10:25:40] event.DEBUG: Notified event "kernel.controller" to listener "Sensio\Bundle\FrameworkExtraBundle\EventListener\ParamConverterListener::onKernelController". [] []
[2012-03-14 10:25:40] event.DEBUG: Notified event "kernel.controller" to listener "Sensio\Bundle\FrameworkExtraBundle\EventListener\TemplateListener::onKernelController". [] []
[2012-03-14 10:25:40] event.DEBUG: Notified event "kernel.controller" to listener "JMS\SecurityExtraBundle\Controller\ControllerListener::onCoreController". [] []
[2012-03-14 10:25:40] event.DEBUG: Notified event "kernel.exception" to listener "Symfony\Component\Security\Http\Firewall\ExceptionListener::onKernelException". [] []
[2012-03-14 10:25:40] event.DEBUG: Notified event "kernel.exception" to listener "Symfony\Component\HttpKernel\EventListener\ExceptionListener::onKernelException". [] []
[2012-03-14 10:25:40] request.CRITICAL: Exception thrown when handling an exception (ErrorException: Warning: filemtime() [<a href='function.filemtime'>function.filemtime</a>]: stat failed for /Users/florianengler/Sites/blumenschule.local/vendor/symfony/src/Symfony/Bundle/TwigBundle/Resources/views/Exception/exception_full.html.twig in /Users/uwaeae/Sites/blumenschule.local/vendor/twig/lib/Twig/Loader/Filesystem.php line 109) [] []
[2012-03-14 10:26:24] event.DEBUG: Notified event "kernel.request" to listener "Symfony\Bundle\FrameworkBundle\EventListener\RouterListener::onEarlyKernelRequest". [] []
[2012-03-14 10:26:24] event.DEBUG: Notified event "kernel.request" to listener "Symfony\Bundle\FrameworkBundle\EventListener\SessionListener::onKernelRequest". [] []
[2012-03-14 10:26:24] event.DEBUG: Notified event "kernel.request" to listener "Symfony\Component\Security\Http\Firewall::onKernelRequest". [] []
[2012-03-14 10:26:24] security.INFO: Populated SecurityContext with an anonymous Token [] []
[2012-03-14 10:26:24] event.DEBUG: Notified event "kernel.request" to listener "Symfony\Bundle\FrameworkBundle\EventListener\RouterListener::onKernelRequest". [] []
[2012-03-14 10:26:24] request.INFO: Matched route "login" (parameters: "_controller": "Acme\SecurityBundle\Controller\SecurityController::loginAction", "_route": "login") [] []
[2012-03-14 10:26:24] event.DEBUG: Notified event "kernel.request" to listener "Knp\Bundle\PaginatorBundle\Subscriber\SlidingPaginationSubscriber::onKernelRequest". [] []
[2012-03-14 10:26:24] event.DEBUG: Notified event "kernel.controller" to listener "Sensio\Bundle\FrameworkExtraBundle\EventListener\ControllerListener::onKernelController". [] []
[2012-03-14 10:26:24] event.DEBUG: Notified event "kernel.controller" to listener "Sensio\Bundle\FrameworkExtraBundle\EventListener\ParamConverterListener::onKernelController". [] []
[2012-03-14 10:26:24] event.DEBUG: Notified event "kernel.controller" to listener "Sensio\Bundle\FrameworkExtraBundle\EventListener\TemplateListener::onKernelController". [] []
[2012-03-14 10:26:24] event.DEBUG: Notified event "kernel.controller" to listener "JMS\SecurityExtraBundle\Controller\ControllerListener::onCoreController". [] []
[2012-03-14 10:26:24] event.DEBUG: Notified event "kernel.exception" to listener "Symfony\Component\Security\Http\Firewall\ExceptionListener::onKernelException". [] []
[2012-03-14 10:26:24] event.DEBUG: Notified event "kernel.exception" to listener "Symfony\Component\HttpKernel\EventListener\ExceptionListener::onKernelException". [] []
[2012-03-14 10:26:24] request.CRITICAL: Twig_Error_Runtime: An exception has been thrown during the rendering of a template ("Warning: file_get_contents(/Users/florianengler/Sites/blumenschule.local/app/Resources/views/base.html.twig) [<a href='function.file-get-contents'>function.file-get-contents</a>]: failed to open stream: No such file or directory in /Users/uwaeae/Sites/blumenschule.local/vendor/twig/lib/Twig/Loader/Filesystem.php line 86") in "AcmeSecurityBundle:Security:login.html.twig". (uncaught exception) at /Users/uwaeae/Sites/blumenschule.local/app/cache/prod/classes.php line 8030 [] []
[2012-03-14 10:26:24] event.DEBUG: Notified event "kernel.request" to listener "Symfony\Bundle\FrameworkBundle\EventListener\RouterListener::onEarlyKernelRequest". [] []
[2012-03-14 10:26:24] event.DEBUG: Notified event "kernel.request" to listener "Symfony\Bundle\FrameworkBundle\EventListener\SessionListener::onKernelRequest". [] []
[2012-03-14 10:26:24] event.DEBUG: Notified event "kernel.request" to listener "Symfony\Component\Security\Http\Firewall::onKernelRequest". [] []
[2012-03-14 10:26:24] event.DEBUG: Notified event "kernel.request" to listener "Symfony\Bundle\FrameworkBundle\EventListener\RouterListener::onKernelRequest". [] []
[2012-03-14 10:26:24] event.DEBUG: Notified event "kernel.request" to listener "Knp\Bundle\PaginatorBundle\Subscriber\SlidingPaginationSubscriber::onKernelRequest". [] []
[2012-03-14 10:26:24] event.DEBUG: Notified event "kernel.controller" to listener "Sensio\Bundle\FrameworkExtraBundle\EventListener\ControllerListener::onKernelController". [] []
[2012-03-14 10:26:24] event.DEBUG: Notified event "kernel.controller" to listener "Sensio\Bundle\FrameworkExtraBundle\EventListener\ParamConverterListener::onKernelController". [] []
[2012-03-14 10:26:24] event.DEBUG: Notified event "kernel.controller" to listener "Sensio\Bundle\FrameworkExtraBundle\EventListener\TemplateListener::onKernelController". [] []
[2012-03-14 10:26:24] event.DEBUG: Notified event "kernel.controller" to listener "JMS\SecurityExtraBundle\Controller\ControllerListener::onCoreController". [] []
[2012-03-14 10:26:24] event.DEBUG: Notified event "kernel.exception" to listener "Symfony\Component\Security\Http\Firewall\ExceptionListener::onKernelException". [] []
[2012-03-14 10:26:24] event.DEBUG: Notified event "kernel.exception" to listener "Symfony\Component\HttpKernel\EventListener\ExceptionListener::onKernelException". [] []
[2012-03-14 10:26:24] request.CRITICAL: Exception thrown when handling an exception (ErrorException: Warning: file_get_contents(/Users/florianengler/Sites/blumenschule.local/vendor/symfony/src/Symfony/Bundle/TwigBundle/Resources/views/Exception/exception_full.html.twig) [<a href='function.file-get-contents'>function.file-get-contents</a>]: failed to open stream: No such file or directory in /Users/uwaeae/Sites/blumenschule.local/vendor/twig/lib/Twig/Loader/Filesystem.php line 86) [] []
[2012-03-14 10:28:30] event.DEBUG: Notified event "kernel.request" to listener "Symfony\Bundle\FrameworkBundle\EventListener\RouterListener::onEarlyKernelRequest". [] []
[2012-03-14 10:28:30] event.DEBUG: Notified event "kernel.request" to listener "Symfony\Bundle\FrameworkBundle\EventListener\SessionListener::onKernelRequest". [] []
[2012-03-14 10:28:30] event.DEBUG: Notified event "kernel.request" to listener "Symfony\Component\Security\Http\Firewall::onKernelRequest". [] []
[2012-03-14 10:28:30] security.INFO: Populated SecurityContext with an anonymous Token [] []
[2012-03-14 10:28:30] event.DEBUG: Notified event "kernel.request" to listener "Symfony\Bundle\FrameworkBundle\EventListener\RouterListener::onKernelRequest". [] []
[2012-03-14 10:28:30] request.INFO: Matched route "login" (parameters: "_controller": "Acme\SecurityBundle\Controller\SecurityController::loginAction", "_route": "login") [] []
[2012-03-14 10:28:30] event.DEBUG: Notified event "kernel.request" to listener "Knp\Bundle\PaginatorBundle\Subscriber\SlidingPaginationSubscriber::onKernelRequest". [] []
[2012-03-14 10:28:30] event.DEBUG: Notified event "kernel.controller" to listener "Sensio\Bundle\FrameworkExtraBundle\EventListener\ControllerListener::onKernelController". [] []
[2012-03-14 10:28:30] event.DEBUG: Notified event "kernel.controller" to listener "Sensio\Bundle\FrameworkExtraBundle\EventListener\ParamConverterListener::onKernelController". [] []
[2012-03-14 10:28:30] event.DEBUG: Notified event "kernel.controller" to listener "Sensio\Bundle\FrameworkExtraBundle\EventListener\TemplateListener::onKernelController". [] []
[2012-03-14 10:28:30] event.DEBUG: Notified event "kernel.controller" to listener "JMS\SecurityExtraBundle\Controller\ControllerListener::onCoreController". [] []
[2012-03-14 10:28:30] event.DEBUG: Notified event "kernel.exception" to listener "Symfony\Component\Security\Http\Firewall\ExceptionListener::onKernelException". [] []
[2012-03-14 10:28:30] event.DEBUG: Notified event "kernel.exception" to listener "Symfony\Component\HttpKernel\EventListener\ExceptionListener::onKernelException". [] []
[2012-03-14 10:28:30] request.CRITICAL: Twig_Error_Runtime: An exception has been thrown during the rendering of a template ("Warning: file_get_contents(/Users/florianengler/Sites/blumenschule.local/app/Resources/views/base.html.twig) [<a href='function.file-get-contents'>function.file-get-contents</a>]: failed to open stream: No such file or directory in /Users/uwaeae/Sites/blumenschule.local/vendor/twig/lib/Twig/Loader/Filesystem.php line 86") in "AcmeSecurityBundle:Security:login.html.twig". (uncaught exception) at /Users/uwaeae/Sites/blumenschule.local/app/cache/prod/classes.php line 8030 [] []
[2012-03-14 10:28:30] event.DEBUG: Notified event "kernel.request" to listener "Symfony\Bundle\FrameworkBundle\EventListener\RouterListener::onEarlyKernelRequest". [] []
[2012-03-14 10:28:30] event.DEBUG: Notified event "kernel.request" to listener "Symfony\Bundle\FrameworkBundle\EventListener\SessionListener::onKernelRequest". [] []
[2012-03-14 10:28:30] event.DEBUG: Notified event "kernel.request" to listener "Symfony\Component\Security\Http\Firewall::onKernelRequest". [] []
[2012-03-14 10:28:30] event.DEBUG: Notified event "kernel.request" to listener "Symfony\Bundle\FrameworkBundle\EventListener\RouterListener::onKernelRequest". [] []
[2012-03-14 10:28:30] event.DEBUG: Notified event "kernel.request" to listener "Knp\Bundle\PaginatorBundle\Subscriber\SlidingPaginationSubscriber::onKernelRequest". [] []
[2012-03-14 10:28:30] event.DEBUG: Notified event "kernel.controller" to listener "Sensio\Bundle\FrameworkExtraBundle\EventListener\ControllerListener::onKernelController". [] []
[2012-03-14 10:28:30] event.DEBUG: Notified event "kernel.controller" to listener "Sensio\Bundle\FrameworkExtraBundle\EventListener\ParamConverterListener::onKernelController". [] []
[2012-03-14 10:28:30] event.DEBUG: Notified event "kernel.controller" to listener "Sensio\Bundle\FrameworkExtraBundle\EventListener\TemplateListener::onKernelController". [] []
[2012-03-14 10:28:30] event.DEBUG: Notified event "kernel.controller" to listener "JMS\SecurityExtraBundle\Controller\ControllerListener::onCoreController". [] []
[2012-03-14 10:28:30] event.DEBUG: Notified event "kernel.exception" to listener "Symfony\Component\Security\Http\Firewall\ExceptionListener::onKernelException". [] []
[2012-03-14 10:28:30] event.DEBUG: Notified event "kernel.exception" to listener "Symfony\Component\HttpKernel\EventListener\ExceptionListener::onKernelException". [] []
[2012-03-14 10:28:30] request.CRITICAL: Exception thrown when handling an exception (ErrorException: Warning: file_get_contents(/Users/florianengler/Sites/blumenschule.local/vendor/symfony/src/Symfony/Bundle/TwigBundle/Resources/views/Exception/exception_full.html.twig) [<a href='function.file-get-contents'>function.file-get-contents</a>]: failed to open stream: No such file or directory in /Users/uwaeae/Sites/blumenschule.local/vendor/twig/lib/Twig/Loader/Filesystem.php line 86) [] []
[2012-03-14 10:30:05] event.DEBUG: Notified event "kernel.request" to listener "Symfony\Bundle\FrameworkBundle\EventListener\RouterListener::onEarlyKernelRequest". [] []
[2012-03-14 10:30:05] event.DEBUG: Notified event "kernel.request" to listener "Symfony\Bundle\FrameworkBundle\EventListener\SessionListener::onKernelRequest". [] []
[2012-03-14 10:30:05] event.DEBUG: Notified event "kernel.request" to listener "Symfony\Component\Security\Http\Firewall::onKernelRequest". [] []
[2012-03-14 10:30:05] security.INFO: Populated SecurityContext with an anonymous Token [] []
[2012-03-14 10:30:05] event.DEBUG: Notified event "kernel.request" to listener "Symfony\Bundle\FrameworkBundle\EventListener\RouterListener::onKernelRequest". [] []
[2012-03-14 10:30:05] request.INFO: Matched route "login" (parameters: "_controller": "Acme\SecurityBundle\Controller\SecurityController::loginAction", "_route": "login") [] []
[2012-03-14 10:30:05] event.DEBUG: Notified event "kernel.request" to listener "Knp\Bundle\PaginatorBundle\Subscriber\SlidingPaginationSubscriber::onKernelRequest". [] []
[2012-03-14 10:30:05] event.DEBUG: Notified event "kernel.controller" to listener "Sensio\Bundle\FrameworkExtraBundle\EventListener\ControllerListener::onKernelController". [] []
[2012-03-14 10:30:05] event.DEBUG: Notified event "kernel.controller" to listener "Sensio\Bundle\FrameworkExtraBundle\EventListener\ParamConverterListener::onKernelController". [] []
[2012-03-14 10:30:05] event.DEBUG: Notified event "kernel.controller" to listener "Sensio\Bundle\FrameworkExtraBundle\EventListener\TemplateListener::onKernelController". [] []
[2012-03-14 10:30:05] event.DEBUG: Notified event "kernel.controller" to listener "JMS\SecurityExtraBundle\Controller\ControllerListener::onCoreController". [] []
[2012-03-14 10:30:07] event.DEBUG: Notified event "kernel.exception" to listener "Symfony\Component\Security\Http\Firewall\ExceptionListener::onKernelException". [] []
[2012-03-14 10:30:07] event.DEBUG: Notified event "kernel.exception" to listener "Symfony\Component\HttpKernel\EventListener\ExceptionListener::onKernelException". [] []
[2012-03-14 10:30:07] request.CRITICAL: Twig_Error_Syntax: Calling "parent" on a template that does not extend nor "use" another template is forbidden in "AcmeSecurityBundle:Security:login.html.twig" at line 5 (uncaught exception) at /Users/uwaeae/Sites/blumenschule.local/vendor/twig/lib/Twig/ExpressionParser.php line 298 [] []
[2012-03-14 10:30:07] event.DEBUG: Notified event "kernel.request" to listener "Symfony\Bundle\FrameworkBundle\EventListener\RouterListener::onEarlyKernelRequest". [] []
[2012-03-14 10:30:07] event.DEBUG: Notified event "kernel.request" to listener "Symfony\Bundle\FrameworkBundle\EventListener\SessionListener::onKernelRequest". [] []
[2012-03-14 10:30:07] event.DEBUG: Notified event "kernel.request" to listener "Symfony\Component\Security\Http\Firewall::onKernelRequest". [] []
[2012-03-14 10:30:07] event.DEBUG: Notified event "kernel.request" to listener "Symfony\Bundle\FrameworkBundle\EventListener\RouterListener::onKernelRequest". [] []
[2012-03-14 10:30:07] event.DEBUG: Notified event "kernel.request" to listener "Knp\Bundle\PaginatorBundle\Subscriber\SlidingPaginationSubscriber::onKernelRequest". [] []
[2012-03-14 10:30:07] event.DEBUG: Notified event "kernel.controller" to listener "Sensio\Bundle\FrameworkExtraBundle\EventListener\ControllerListener::onKernelController". [] []
[2012-03-14 10:30:07] event.DEBUG: Notified event "kernel.controller" to listener "Sensio\Bundle\FrameworkExtraBundle\EventListener\ParamConverterListener::onKernelController". [] []
[2012-03-14 10:30:07] event.DEBUG: Notified event "kernel.controller" to listener "Sensio\Bundle\FrameworkExtraBundle\EventListener\TemplateListener::onKernelController". [] []
[2012-03-14 10:30:07] event.DEBUG: Notified event "kernel.controller" to listener "JMS\SecurityExtraBundle\Controller\ControllerListener::onCoreController". [] []
[2012-03-14 10:30:07] event.DEBUG: Notified event "kernel.exception" to listener "Symfony\Component\Security\Http\Firewall\ExceptionListener::onKernelException". [] []
[2012-03-14 10:30:07] event.DEBUG: Notified event "kernel.exception" to listener "Symfony\Component\HttpKernel\EventListener\ExceptionListener::onKernelException". [] []
[2012-03-14 10:30:07] request.CRITICAL: Exception thrown when handling an exception (ErrorException: Warning: file_get_contents(/Users/florianengler/Sites/blumenschule.local/vendor/symfony/src/Symfony/Bundle/TwigBundle/Resources/views/Exception/exception_full.html.twig) [<a href='function.file-get-contents'>function.file-get-contents</a>]: failed to open stream: No such file or directory in /Users/uwaeae/Sites/blumenschule.local/vendor/twig/lib/Twig/Loader/Filesystem.php line 86) [] []
[2012-03-14 10:30:36] event.DEBUG: Notified event "kernel.request" to listener "Symfony\Bundle\FrameworkBundle\EventListener\RouterListener::onEarlyKernelRequest". [] []
[2012-03-14 10:30:36] event.DEBUG: Notified event "kernel.request" to listener "Symfony\Bundle\FrameworkBundle\EventListener\SessionListener::onKernelRequest". [] []
[2012-03-14 10:30:36] event.DEBUG: Notified event "kernel.request" to listener "Symfony\Component\Security\Http\Firewall::onKernelRequest". [] []
[2012-03-14 10:30:36] security.INFO: Populated SecurityContext with an anonymous Token [] []
[2012-03-14 10:30:36] event.DEBUG: Notified event "kernel.request" to listener "Symfony\Bundle\FrameworkBundle\EventListener\RouterListener::onKernelRequest". [] []
[2012-03-14 10:30:36] request.INFO: Matched route "login" (parameters: "_controller": "Acme\SecurityBundle\Controller\SecurityController::loginAction", "_route": "login") [] []
[2012-03-14 10:30:36] event.DEBUG: Notified event "kernel.request" to listener "Knp\Bundle\PaginatorBundle\Subscriber\SlidingPaginationSubscriber::onKernelRequest". [] []
[2012-03-14 10:30:36] event.DEBUG: Notified event "kernel.controller" to listener "Sensio\Bundle\FrameworkExtraBundle\EventListener\ControllerListener::onKernelController". [] []
[2012-03-14 10:30:36] event.DEBUG: Notified event "kernel.controller" to listener "Sensio\Bundle\FrameworkExtraBundle\EventListener\ParamConverterListener::onKernelController". [] []
[2012-03-14 10:30:36] event.DEBUG: Notified event "kernel.controller" to listener "Sensio\Bundle\FrameworkExtraBundle\EventListener\TemplateListener::onKernelController". [] []
[2012-03-14 10:30:36] event.DEBUG: Notified event "kernel.controller" to listener "JMS\SecurityExtraBundle\Controller\ControllerListener::onCoreController". [] []
[2012-03-14 10:30:36] event.DEBUG: Notified event "kernel.exception" to listener "Symfony\Component\Security\Http\Firewall\ExceptionListener::onKernelException". [] []
[2012-03-14 10:30:36] event.DEBUG: Notified event "kernel.exception" to listener "Symfony\Component\HttpKernel\EventListener\ExceptionListener::onKernelException". [] []
[2012-03-14 10:30:36] request.CRITICAL: Twig_Error_Syntax: Calling "parent" on a template that does not extend nor "use" another template is forbidden in "AcmeSecurityBundle:Security:login.html.twig" at line 5 (uncaught exception) at /Users/uwaeae/Sites/blumenschule.local/vendor/twig/lib/Twig/ExpressionParser.php line 298 [] []
[2012-03-14 10:30:36] event.DEBUG: Notified event "kernel.request" to listener "Symfony\Bundle\FrameworkBundle\EventListener\RouterListener::onEarlyKernelRequest". [] []
[2012-03-14 10:30:36] event.DEBUG: Notified event "kernel.request" to listener "Symfony\Bundle\FrameworkBundle\EventListener\SessionListener::onKernelRequest". [] []
[2012-03-14 10:30:36] event.DEBUG: Notified event "kernel.request" to listener "Symfony\Component\Security\Http\Firewall::onKernelRequest". [] []
[2012-03-14 10:30:36] event.DEBUG: Notified event "kernel.request" to listener "Symfony\Bundle\FrameworkBundle\EventListener\RouterListener::onKernelRequest". [] []
[2012-03-14 10:30:36] event.DEBUG: Notified event "kernel.request" to listener "Knp\Bundle\PaginatorBundle\Subscriber\SlidingPaginationSubscriber::onKernelRequest". [] []
[2012-03-14 10:30:36] event.DEBUG: Notified event "kernel.controller" to listener "Sensio\Bundle\FrameworkExtraBundle\EventListener\ControllerListener::onKernelController". [] []
[2012-03-14 10:30:36] event.DEBUG: Notified event "kernel.controller" to listener "Sensio\Bundle\FrameworkExtraBundle\EventListener\ParamConverterListener::onKernelController". [] []
[2012-03-14 10:30:36] event.DEBUG: Notified event "kernel.controller" to listener "Sensio\Bundle\FrameworkExtraBundle\EventListener\TemplateListener::onKernelController". [] []
[2012-03-14 10:30:36] event.DEBUG: Notified event "kernel.controller" to listener "JMS\SecurityExtraBundle\Controller\ControllerListener::onCoreController". [] []
[2012-03-14 10:30:36] event.DEBUG: Notified event "kernel.exception" to listener "Symfony\Component\Security\Http\Firewall\ExceptionListener::onKernelException". [] []
[2012-03-14 10:30:36] event.DEBUG: Notified event "kernel.exception" to listener "Symfony\Component\HttpKernel\EventListener\ExceptionListener::onKernelException". [] []
[2012-03-14 10:30:36] request.CRITICAL: Exception thrown when handling an exception (ErrorException: Warning: file_get_contents(/Users/florianengler/Sites/blumenschule.local/vendor/symfony/src/Symfony/Bundle/TwigBundle/Resources/views/Exception/exception_full.html.twig) [<a href='function.file-get-contents'>function.file-get-contents</a>]: failed to open stream: No such file or directory in /Users/uwaeae/Sites/blumenschule.local/vendor/twig/lib/Twig/Loader/Filesystem.php line 86) [] []
[2012-03-14 10:31:28] event.DEBUG: Notified event "kernel.request" to listener "Symfony\Bundle\FrameworkBundle\EventListener\RouterListener::onEarlyKernelRequest". [] []
[2012-03-14 10:31:28] event.DEBUG: Notified event "kernel.request" to listener "Symfony\Bundle\FrameworkBundle\EventListener\SessionListener::onKernelRequest". [] []
[2012-03-14 10:31:28] event.DEBUG: Notified event "kernel.request" to listener "Symfony\Component\Security\Http\Firewall::onKernelRequest". [] []
[2012-03-14 10:31:28] security.DEBUG: Read SecurityContext from the session [] []
[2012-03-14 10:31:28] security.DEBUG: Reloading user from user provider. [] []
[2012-03-14 10:31:28] security.DEBUG: Username "admin" was reloaded from user provider. [] []
[2012-03-14 10:31:28] event.DEBUG: Notified event "kernel.request" to listener "Symfony\Bundle\FrameworkBundle\EventListener\RouterListener::onKernelRequest". [] []
[2012-03-14 10:31:28] request.INFO: Matched route "BSData_mainmenu" (parameters: "_controller": "Acme\BSDataBundle\Controller\DefaultController::indexAction", "_route": "BSData_mainmenu") [] []
[2012-03-14 10:31:28] event.DEBUG: Notified event "kernel.request" to listener "Knp\Bundle\PaginatorBundle\Subscriber\SlidingPaginationSubscriber::onKernelRequest". [] []
[2012-03-14 10:31:28] event.DEBUG: Notified event "kernel.controller" to listener "Sensio\Bundle\FrameworkExtraBundle\EventListener\ControllerListener::onKernelController". [] []
[2012-03-14 10:31:28] event.DEBUG: Notified event "kernel.controller" to listener "Sensio\Bundle\FrameworkExtraBundle\EventListener\ParamConverterListener::onKernelController". [] []
[2012-03-14 10:31:28] event.DEBUG: Notified event "kernel.controller" to listener "Sensio\Bundle\FrameworkExtraBundle\EventListener\TemplateListener::onKernelController". [] []
[2012-03-14 10:31:28] event.DEBUG: Notified event "kernel.controller" to listener "JMS\SecurityExtraBundle\Controller\ControllerListener::onCoreController". [] []
[2012-03-14 10:31:28] event.DEBUG: Notified event "kernel.exception" to listener "Symfony\Component\Security\Http\Firewall\ExceptionListener::onKernelException". [] []
[2012-03-14 10:31:28] event.DEBUG: Notified event "kernel.exception" to listener "Symfony\Component\HttpKernel\EventListener\ExceptionListener::onKernelException". [] []
[2012-03-14 10:31:28] request.CRITICAL: Twig_Error_Runtime: An exception has been thrown during the rendering of a template ("Warning: file_get_contents(/Users/florianengler/Sites/blumenschule.local/app/Resources/views/base.html.twig) [<a href='function.file-get-contents'>function.file-get-contents</a>]: failed to open stream: No such file or directory in /Users/uwaeae/Sites/blumenschule.local/vendor/twig/lib/Twig/Loader/Filesystem.php line 86") in "BSDataBundle:Default:index.html.twig". (uncaught exception) at /Users/uwaeae/Sites/blumenschule.local/app/cache/prod/classes.php line 8030 [] []
[2012-03-14 10:31:28] event.DEBUG: Notified event "kernel.request" to listener "Symfony\Bundle\FrameworkBundle\EventListener\RouterListener::onEarlyKernelRequest". [] []
[2012-03-14 10:31:28] event.DEBUG: Notified event "kernel.request" to listener "Symfony\Bundle\FrameworkBundle\EventListener\SessionListener::onKernelRequest". [] []
[2012-03-14 10:31:28] event.DEBUG: Notified event "kernel.request" to listener "Symfony\Component\Security\Http\Firewall::onKernelRequest". [] []
[2012-03-14 10:31:28] event.DEBUG: Notified event "kernel.request" to listener "Symfony\Bundle\FrameworkBundle\EventListener\RouterListener::onKernelRequest". [] []
[2012-03-14 10:31:28] event.DEBUG: Notified event "kernel.request" to listener "Knp\Bundle\PaginatorBundle\Subscriber\SlidingPaginationSubscriber::onKernelRequest". [] []
[2012-03-14 10:31:28] event.DEBUG: Notified event "kernel.controller" to listener "Sensio\Bundle\FrameworkExtraBundle\EventListener\ControllerListener::onKernelController". [] []
[2012-03-14 10:31:28] event.DEBUG: Notified event "kernel.controller" to listener "Sensio\Bundle\FrameworkExtraBundle\EventListener\ParamConverterListener::onKernelController". [] []
[2012-03-14 10:31:28] event.DEBUG: Notified event "kernel.controller" to listener "Sensio\Bundle\FrameworkExtraBundle\EventListener\TemplateListener::onKernelController". [] []
[2012-03-14 10:31:28] event.DEBUG: Notified event "kernel.controller" to listener "JMS\SecurityExtraBundle\Controller\ControllerListener::onCoreController". [] []
[2012-03-14 10:31:28] event.DEBUG: Notified event "kernel.exception" to listener "Symfony\Component\Security\Http\Firewall\ExceptionListener::onKernelException". [] []
[2012-03-14 10:31:28] event.DEBUG: Notified event "kernel.exception" to listener "Symfony\Component\HttpKernel\EventListener\ExceptionListener::onKernelException". [] []
[2012-03-14 10:31:28] request.CRITICAL: Exception thrown when handling an exception (ErrorException: Warning: file_get_contents(/Users/florianengler/Sites/blumenschule.local/vendor/symfony/src/Symfony/Bundle/TwigBundle/Resources/views/Exception/exception_full.html.twig) [<a href='function.file-get-contents'>function.file-get-contents</a>]: failed to open stream: No such file or directory in /Users/uwaeae/Sites/blumenschule.local/vendor/twig/lib/Twig/Loader/Filesystem.php line 86) [] []
[2012-03-14 10:39:44] event.DEBUG: Notified event "kernel.request" to listener "Symfony\Bundle\FrameworkBundle\EventListener\RouterListener::onEarlyKernelRequest". [] []
[2012-03-14 10:39:44] event.DEBUG: Notified event "kernel.request" to listener "Symfony\Bundle\FrameworkBundle\EventListener\SessionListener::onKernelRequest". [] []
[2012-03-14 10:39:44] event.DEBUG: Notified event "kernel.request" to listener "Symfony\Component\Security\Http\Firewall::onKernelRequest". [] []
[2012-03-14 10:39:44] security.DEBUG: Read SecurityContext from the session [] []
[2012-03-14 10:39:44] security.DEBUG: Reloading user from user provider. [] []
[2012-03-14 10:39:44] security.DEBUG: Username "admin" was reloaded from user provider. [] []
[2012-03-14 10:39:44] event.DEBUG: Notified event "kernel.request" to listener "Symfony\Bundle\FrameworkBundle\EventListener\RouterListener::onKernelRequest". [] []
[2012-03-14 10:39:44] request.INFO: Matched route "BSData_mainmenu" (parameters: "_controller": "Acme\BSDataBundle\Controller\DefaultController::indexAction", "_route": "BSData_mainmenu") [] []
[2012-03-14 10:39:44] event.DEBUG: Notified event "kernel.request" to listener "Knp\Bundle\PaginatorBundle\Subscriber\SlidingPaginationSubscriber::onKernelRequest". [] []
[2012-03-14 10:39:44] event.DEBUG: Notified event "kernel.controller" to listener "Sensio\Bundle\FrameworkExtraBundle\EventListener\ControllerListener::onKernelController". [] []
[2012-03-14 10:39:44] event.DEBUG: Notified event "kernel.controller" to listener "Sensio\Bundle\FrameworkExtraBundle\EventListener\ParamConverterListener::onKernelController". [] []
[2012-03-14 10:39:44] event.DEBUG: Notified event "kernel.controller" to listener "Sensio\Bundle\FrameworkExtraBundle\EventListener\TemplateListener::onKernelController". [] []
[2012-03-14 10:39:44] event.DEBUG: Notified event "kernel.controller" to listener "JMS\SecurityExtraBundle\Controller\ControllerListener::onCoreController". [] []
[2012-03-14 10:39:44] event.DEBUG: Notified event "kernel.exception" to listener "Symfony\Component\Security\Http\Firewall\ExceptionListener::onKernelException". [] []
[2012-03-14 10:39:44] event.DEBUG: Notified event "kernel.exception" to listener "Symfony\Component\HttpKernel\EventListener\ExceptionListener::onKernelException". [] []
[2012-03-14 10:39:44] request.CRITICAL: Twig_Error_Runtime: An exception has been thrown during the rendering of a template ("Warning: file_get_contents(/Users/florianengler/Sites/blumenschule.local/app/Resources/views/base.html.twig) [<a href='function.file-get-contents'>function.file-get-contents</a>]: failed to open stream: No such file or directory in /Users/uwaeae/Sites/blumenschule.local/vendor/twig/lib/Twig/Loader/Filesystem.php line 86") in "BSDataBundle:Default:index.html.twig". (uncaught exception) at /Users/uwaeae/Sites/blumenschule.local/app/cache/prod/classes.php line 8030 [] []
[2012-03-14 10:39:44] event.DEBUG: Notified event "kernel.request" to listener "Symfony\Bundle\FrameworkBundle\EventListener\RouterListener::onEarlyKernelRequest". [] []
[2012-03-14 10:39:44] event.DEBUG: Notified event "kernel.request" to listener "Symfony\Bundle\FrameworkBundle\EventListener\SessionListener::onKernelRequest". [] []
[2012-03-14 10:39:44] event.DEBUG: Notified event "kernel.request" to listener "Symfony\Component\Security\Http\Firewall::onKernelRequest". [] []
[2012-03-14 10:39:44] event.DEBUG: Notified event "kernel.request" to listener "Symfony\Bundle\FrameworkBundle\EventListener\RouterListener::onKernelRequest". [] []
[2012-03-14 10:39:44] event.DEBUG: Notified event "kernel.request" to listener "Knp\Bundle\PaginatorBundle\Subscriber\SlidingPaginationSubscriber::onKernelRequest". [] []
[2012-03-14 10:39:44] event.DEBUG: Notified event "kernel.controller" to listener "Sensio\Bundle\FrameworkExtraBundle\EventListener\ControllerListener::onKernelController". [] []
[2012-03-14 10:39:44] event.DEBUG: Notified event "kernel.controller" to listener "Sensio\Bundle\FrameworkExtraBundle\EventListener\ParamConverterListener::onKernelController". [] []
[2012-03-14 10:39:44] event.DEBUG: Notified event "kernel.controller" to listener "Sensio\Bundle\FrameworkExtraBundle\EventListener\TemplateListener::onKernelController". [] []
[2012-03-14 10:39:44] event.DEBUG: Notified event "kernel.controller" to listener "JMS\SecurityExtraBundle\Controller\ControllerListener::onCoreController". [] []
[2012-03-14 10:39:44] event.DEBUG: Notified event "kernel.exception" to listener "Symfony\Component\Security\Http\Firewall\ExceptionListener::onKernelException". [] []
[2012-03-14 10:39:44] event.DEBUG: Notified event "kernel.exception" to listener "Symfony\Component\HttpKernel\EventListener\ExceptionListener::onKernelException". [] []
[2012-03-14 10:39:44] request.CRITICAL: Exception thrown when handling an exception (ErrorException: Warning: file_get_contents(/Users/florianengler/Sites/blumenschule.local/vendor/symfony/src/Symfony/Bundle/TwigBundle/Resources/views/Exception/exception_full.html.twig) [<a href='function.file-get-contents'>function.file-get-contents</a>]: failed to open stream: No such file or directory in /Users/uwaeae/Sites/blumenschule.local/vendor/twig/lib/Twig/Loader/Filesystem.php line 86) [] []
[2012-03-14 10:39:50] event.DEBUG: Notified event "kernel.request" to listener "Symfony\Bundle\FrameworkBundle\EventListener\RouterListener::onEarlyKernelRequest". [] []
[2012-03-14 10:39:50] event.DEBUG: Notified event "kernel.request" to listener "Symfony\Bundle\FrameworkBundle\EventListener\SessionListener::onKernelRequest". [] []
[2012-03-14 10:39:50] event.DEBUG: Notified event "kernel.request" to listener "Symfony\Component\Security\Http\Firewall::onKernelRequest". [] []
[2012-03-14 10:39:50] security.DEBUG: Read SecurityContext from the session [] []
[2012-03-14 10:39:50] security.DEBUG: Reloading user from user provider. [] []
[2012-03-14 10:39:50] security.DEBUG: Username "admin" was reloaded from user provider. [] []
[2012-03-14 10:39:50] event.DEBUG: Notified event "kernel.request" to listener "Symfony\Bundle\FrameworkBundle\EventListener\RouterListener::onKernelRequest". [] []
[2012-03-14 10:39:50] request.INFO: Matched route "BSData_mainmenu" (parameters: "_controller": "Acme\BSDataBundle\Controller\DefaultController::indexAction", "_route": "BSData_mainmenu") [] []
[2012-03-14 10:39:50] event.DEBUG: Notified event "kernel.request" to listener "Knp\Bundle\PaginatorBundle\Subscriber\SlidingPaginationSubscriber::onKernelRequest". [] []
[2012-03-14 10:39:50] event.DEBUG: Notified event "kernel.controller" to listener "Sensio\Bundle\FrameworkExtraBundle\EventListener\ControllerListener::onKernelController". [] []
[2012-03-14 10:39:50] event.DEBUG: Notified event "kernel.controller" to listener "Sensio\Bundle\FrameworkExtraBundle\EventListener\ParamConverterListener::onKernelController". [] []
[2012-03-14 10:39:50] event.DEBUG: Notified event "kernel.controller" to listener "Sensio\Bundle\FrameworkExtraBundle\EventListener\TemplateListener::onKernelController". [] []
[2012-03-14 10:39:50] event.DEBUG: Notified event "kernel.controller" to listener "JMS\SecurityExtraBundle\Controller\ControllerListener::onCoreController". [] []
[2012-03-14 10:39:50] event.DEBUG: Notified event "kernel.exception" to listener "Symfony\Component\Security\Http\Firewall\ExceptionListener::onKernelException". [] []
[2012-03-14 10:39:50] event.DEBUG: Notified event "kernel.exception" to listener "Symfony\Component\HttpKernel\EventListener\ExceptionListener::onKernelException". [] []
[2012-03-14 10:39:50] request.CRITICAL: Twig_Error_Runtime: An exception has been thrown during the rendering of a template ("Warning: file_get_contents(/Users/florianengler/Sites/blumenschule.local/app/Resources/views/base.html.twig) [<a href='function.file-get-contents'>function.file-get-contents</a>]: failed to open stream: No such file or directory in /Users/uwaeae/Sites/blumenschule.local/vendor/twig/lib/Twig/Loader/Filesystem.php line 86") in "BSDataBundle:Default:index.html.twig". (uncaught exception) at /Users/uwaeae/Sites/blumenschule.local/app/cache/prod/classes.php line 8030 [] []
[2012-03-14 10:39:50] event.DEBUG: Notified event "kernel.request" to listener "Symfony\Bundle\FrameworkBundle\EventListener\RouterListener::onEarlyKernelRequest". [] []
[2012-03-14 10:39:50] event.DEBUG: Notified event "kernel.request" to listener "Symfony\Bundle\FrameworkBundle\EventListener\SessionListener::onKernelRequest". [] []
[2012-03-14 10:39:50] event.DEBUG: Notified event "kernel.request" to listener "Symfony\Component\Security\Http\Firewall::onKernelRequest". [] []
[2012-03-14 10:39:50] event.DEBUG: Notified event "kernel.request" to listener "Symfony\Bundle\FrameworkBundle\EventListener\RouterListener::onKernelRequest". [] []
[2012-03-14 10:39:50] event.DEBUG: Notified event "kernel.request" to listener "Knp\Bundle\PaginatorBundle\Subscriber\SlidingPaginationSubscriber::onKernelRequest". [] []
[2012-03-14 10:39:50] event.DEBUG: Notified event "kernel.controller" to listener "Sensio\Bundle\FrameworkExtraBundle\EventListener\ControllerListener::onKernelController". [] []
[2012-03-14 10:39:50] event.DEBUG: Notified event "kernel.controller" to listener "Sensio\Bundle\FrameworkExtraBundle\EventListener\ParamConverterListener::onKernelController". [] []
[2012-03-14 10:39:50] event.DEBUG: Notified event "kernel.controller" to listener "Sensio\Bundle\FrameworkExtraBundle\EventListener\TemplateListener::onKernelController". [] []
[2012-03-14 10:39:50] event.DEBUG: Notified event "kernel.controller" to listener "JMS\SecurityExtraBundle\Controller\ControllerListener::onCoreController". [] []
[2012-03-14 10:39:50] event.DEBUG: Notified event "kernel.exception" to listener "Symfony\Component\Security\Http\Firewall\ExceptionListener::onKernelException". [] []
[2012-03-14 10:39:50] event.DEBUG: Notified event "kernel.exception" to listener "Symfony\Component\HttpKernel\EventListener\ExceptionListener::onKernelException". [] []
[2012-03-14 10:39:50] request.CRITICAL: Exception thrown when handling an exception (ErrorException: Warning: file_get_contents(/Users/florianengler/Sites/blumenschule.local/vendor/symfony/src/Symfony/Bundle/TwigBundle/Resources/views/Exception/exception_full.html.twig) [<a href='function.file-get-contents'>function.file-get-contents</a>]: failed to open stream: No such file or directory in /Users/uwaeae/Sites/blumenschule.local/vendor/twig/lib/Twig/Loader/Filesystem.php line 86) [] []
